This is pdfTeX, Version 3.1415926-2.5-1.40.14 (TeX Live 2013/Debian) (format=pdflatex 2015.1.16)  3 NOV 2015 18:10
entering extended mode
 restricted \write18 enabled.
 %&-line parsing enabled.
**SCHMT.tex
(./SCHMT.tex
LaTeX2e <2011/06/27>
Babel <3.9h> and hyphenation patterns for 78 languages loaded.
(/usr/share/texlive/texmf-dist/tex/latex/base/report.cls
Document Class: report 2007/10/19 v1.4h Standard LaTeX document class
(/usr/share/texlive/texmf-dist/tex/latex/base/size11.clo
File: size11.clo 2007/10/19 v1.4h Standard LaTeX file (size option)
)
\c@part=\count79
\c@chapter=\count80
\c@section=\count81
\c@subsection=\count82
\c@subsubsection=\count83
\c@paragraph=\count84
\c@subparagraph=\count85
\c@figure=\count86
\c@table=\count87
\abovecaptionskip=\skip41
\belowcaptionskip=\skip42
\bibindent=\dimen102
)
(./JB_config_article.sty
Package: JB_config_article 2015/09/10: My custom LaTeX style for articles

(/usr/share/texlive/texmf-dist/tex/latex/base/inputenc.sty
Package: inputenc 2008/03/30 v1.1d Input encoding file
\inpenc@prehook=\toks14
\inpenc@posthook=\toks15

(/usr/share/texlive/texmf-dist/tex/latex/base/utf8.def
File: utf8.def 2008/04/05 v1.1m UTF-8 support for inputenc
Now handling font encoding OML ...
... no UTF-8 mapping file for font encoding OML
Now handling font encoding T1 ...
... processing UTF-8 mapping file for font encoding T1

(/usr/share/texlive/texmf-dist/tex/latex/base/t1enc.dfu
File: t1enc.dfu 2008/04/05 v1.1m UTF-8 support for inputenc
   defining Unicode char U+00A1 (decimal 161)
   defining Unicode char U+00A3 (decimal 163)
   defining Unicode char U+00AB (decimal 171)
   defining Unicode char U+00BB (decimal 187)
   defining Unicode char U+00BF (decimal 191)
   defining Unicode char U+00C0 (decimal 192)
   defining Unicode char U+00C1 (decimal 193)
   defining Unicode char U+00C2 (decimal 194)
   defining Unicode char U+00C3 (decimal 195)
   defining Unicode char U+00C4 (decimal 196)
   defining Unicode char U+00C5 (decimal 197)
   defining Unicode char U+00C6 (decimal 198)
   defining Unicode char U+00C7 (decimal 199)
   defining Unicode char U+00C8 (decimal 200)
   defining Unicode char U+00C9 (decimal 201)
   defining Unicode char U+00CA (decimal 202)
   defining Unicode char U+00CB (decimal 203)
   defining Unicode char U+00CC (decimal 204)
   defining Unicode char U+00CD (decimal 205)
   defining Unicode char U+00CE (decimal 206)
   defining Unicode char U+00CF (decimal 207)
   defining Unicode char U+00D0 (decimal 208)
   defining Unicode char U+00D1 (decimal 209)
   defining Unicode char U+00D2 (decimal 210)
   defining Unicode char U+00D3 (decimal 211)
   defining Unicode char U+00D4 (decimal 212)
   defining Unicode char U+00D5 (decimal 213)
   defining Unicode char U+00D6 (decimal 214)
   defining Unicode char U+00D8 (decimal 216)
   defining Unicode char U+00D9 (decimal 217)
   defining Unicode char U+00DA (decimal 218)
   defining Unicode char U+00DB (decimal 219)
   defining Unicode char U+00DC (decimal 220)
   defining Unicode char U+00DD (decimal 221)
   defining Unicode char U+00DE (decimal 222)
   defining Unicode char U+00DF (decimal 223)
   defining Unicode char U+00E0 (decimal 224)
   defining Unicode char U+00E1 (decimal 225)
   defining Unicode char U+00E2 (decimal 226)
   defining Unicode char U+00E3 (decimal 227)
   defining Unicode char U+00E4 (decimal 228)
   defining Unicode char U+00E5 (decimal 229)
   defining Unicode char U+00E6 (decimal 230)
   defining Unicode char U+00E7 (decimal 231)
   defining Unicode char U+00E8 (decimal 232)
   defining Unicode char U+00E9 (decimal 233)
   defining Unicode char U+00EA (decimal 234)
   defining Unicode char U+00EB (decimal 235)
   defining Unicode char U+00EC (decimal 236)
   defining Unicode char U+00ED (decimal 237)
   defining Unicode char U+00EE (decimal 238)
   defining Unicode char U+00EF (decimal 239)
   defining Unicode char U+00F0 (decimal 240)
   defining Unicode char U+00F1 (decimal 241)
   defining Unicode char U+00F2 (decimal 242)
   defining Unicode char U+00F3 (decimal 243)
   defining Unicode char U+00F4 (decimal 244)
   defining Unicode char U+00F5 (decimal 245)
   defining Unicode char U+00F6 (decimal 246)
   defining Unicode char U+00F8 (decimal 248)
   defining Unicode char U+00F9 (decimal 249)
   defining Unicode char U+00FA (decimal 250)
   defining Unicode char U+00FB (decimal 251)
   defining Unicode char U+00FC (decimal 252)
   defining Unicode char U+00FD (decimal 253)
   defining Unicode char U+00FE (decimal 254)
   defining Unicode char U+00FF (decimal 255)
   defining Unicode char U+0102 (decimal 258)
   defining Unicode char U+0103 (decimal 259)
   defining Unicode char U+0104 (decimal 260)
   defining Unicode char U+0105 (decimal 261)
   defining Unicode char U+0106 (decimal 262)
   defining Unicode char U+0107 (decimal 263)
   defining Unicode char U+010C (decimal 268)
   defining Unicode char U+010D (decimal 269)
   defining Unicode char U+010E (decimal 270)
   defining Unicode char U+010F (decimal 271)
   defining Unicode char U+0110 (decimal 272)
   defining Unicode char U+0111 (decimal 273)
   defining Unicode char U+0118 (decimal 280)
   defining Unicode char U+0119 (decimal 281)
   defining Unicode char U+011A (decimal 282)
   defining Unicode char U+011B (decimal 283)
   defining Unicode char U+011E (decimal 286)
   defining Unicode char U+011F (decimal 287)
   defining Unicode char U+0130 (decimal 304)
   defining Unicode char U+0131 (decimal 305)
   defining Unicode char U+0132 (decimal 306)
   defining Unicode char U+0133 (decimal 307)
   defining Unicode char U+0139 (decimal 313)
   defining Unicode char U+013A (decimal 314)
   defining Unicode char U+013D (decimal 317)
   defining Unicode char U+013E (decimal 318)
   defining Unicode char U+0141 (decimal 321)
   defining Unicode char U+0142 (decimal 322)
   defining Unicode char U+0143 (decimal 323)
   defining Unicode char U+0144 (decimal 324)
   defining Unicode char U+0147 (decimal 327)
   defining Unicode char U+0148 (decimal 328)
   defining Unicode char U+014A (decimal 330)
   defining Unicode char U+014B (decimal 331)
   defining Unicode char U+0150 (decimal 336)
   defining Unicode char U+0151 (decimal 337)
   defining Unicode char U+0152 (decimal 338)
   defining Unicode char U+0153 (decimal 339)
   defining Unicode char U+0154 (decimal 340)
   defining Unicode char U+0155 (decimal 341)
   defining Unicode char U+0158 (decimal 344)
   defining Unicode char U+0159 (decimal 345)
   defining Unicode char U+015A (decimal 346)
   defining Unicode char U+015B (decimal 347)
   defining Unicode char U+015E (decimal 350)
   defining Unicode char U+015F (decimal 351)
   defining Unicode char U+0160 (decimal 352)
   defining Unicode char U+0161 (decimal 353)
   defining Unicode char U+0162 (decimal 354)
   defining Unicode char U+0163 (decimal 355)
   defining Unicode char U+0164 (decimal 356)
   defining Unicode char U+0165 (decimal 357)
   defining Unicode char U+016E (decimal 366)
   defining Unicode char U+016F (decimal 367)
   defining Unicode char U+0170 (decimal 368)
   defining Unicode char U+0171 (decimal 369)
   defining Unicode char U+0178 (decimal 376)
   defining Unicode char U+0179 (decimal 377)
   defining Unicode char U+017A (decimal 378)
   defining Unicode char U+017B (decimal 379)
   defining Unicode char U+017C (decimal 380)
   defining Unicode char U+017D (decimal 381)
   defining Unicode char U+017E (decimal 382)
   defining Unicode char U+200C (decimal 8204)
   defining Unicode char U+2013 (decimal 8211)
   defining Unicode char U+2014 (decimal 8212)
   defining Unicode char U+2018 (decimal 8216)
   defining Unicode char U+2019 (decimal 8217)
   defining Unicode char U+201A (decimal 8218)
   defining Unicode char U+201C (decimal 8220)
   defining Unicode char U+201D (decimal 8221)
   defining Unicode char U+201E (decimal 8222)
   defining Unicode char U+2030 (decimal 8240)
   defining Unicode char U+2031 (decimal 8241)
   defining Unicode char U+2039 (decimal 8249)
   defining Unicode char U+203A (decimal 8250)
   defining Unicode char U+2423 (decimal 9251)
)
Now handling font encoding OT1 ...
... processing UTF-8 mapping file for font encoding OT1

(/usr/share/texlive/texmf-dist/tex/latex/base/ot1enc.dfu
File: ot1enc.dfu 2008/04/05 v1.1m UTF-8 support for inputenc
   defining Unicode char U+00A1 (decimal 161)
   defining Unicode char U+00A3 (decimal 163)
   defining Unicode char U+00B8 (decimal 184)
   defining Unicode char U+00BF (decimal 191)
   defining Unicode char U+00C5 (decimal 197)
   defining Unicode char U+00C6 (decimal 198)
   defining Unicode char U+00D8 (decimal 216)
   defining Unicode char U+00DF (decimal 223)
   defining Unicode char U+00E6 (decimal 230)
   defining Unicode char U+00EC (decimal 236)
   defining Unicode char U+00ED (decimal 237)
   defining Unicode char U+00EE (decimal 238)
   defining Unicode char U+00EF (decimal 239)
   defining Unicode char U+00F8 (decimal 248)
   defining Unicode char U+0131 (decimal 305)
   defining Unicode char U+0141 (decimal 321)
   defining Unicode char U+0142 (decimal 322)
   defining Unicode char U+0152 (decimal 338)
   defining Unicode char U+0153 (decimal 339)
   defining Unicode char U+2013 (decimal 8211)
   defining Unicode char U+2014 (decimal 8212)
   defining Unicode char U+2018 (decimal 8216)
   defining Unicode char U+2019 (decimal 8217)
   defining Unicode char U+201C (decimal 8220)
   defining Unicode char U+201D (decimal 8221)
)
Now handling font encoding OMS ...
... processing UTF-8 mapping file for font encoding OMS

(/usr/share/texlive/texmf-dist/tex/latex/base/omsenc.dfu
File: omsenc.dfu 2008/04/05 v1.1m UTF-8 support for inputenc
   defining Unicode char U+00A7 (decimal 167)
   defining Unicode char U+00B6 (decimal 182)
   defining Unicode char U+00B7 (decimal 183)
   defining Unicode char U+2020 (decimal 8224)
   defining Unicode char U+2021 (decimal 8225)
   defining Unicode char U+2022 (decimal 8226)
)
Now handling font encoding OMX ...
... no UTF-8 mapping file for font encoding OMX
Now handling font encoding U ...
... no UTF-8 mapping file for font encoding U
   defining Unicode char U+00A9 (decimal 169)
   defining Unicode char U+00AA (decimal 170)
   defining Unicode char U+00AE (decimal 174)
   defining Unicode char U+00BA (decimal 186)
   defining Unicode char U+02C6 (decimal 710)
   defining Unicode char U+02DC (decimal 732)
   defining Unicode char U+200C (decimal 8204)
   defining Unicode char U+2026 (decimal 8230)
   defining Unicode char U+2122 (decimal 8482)
   defining Unicode char U+2423 (decimal 9251)
))
(/usr/share/texlive/texmf-dist/tex/generic/babel/babel.sty
Package: babel 2013/12/03 3.9h The Babel package

(/usr/share/texlive/texmf-dist/tex/generic/babel-english/english.ldf
Language: english 2012/08/20 v3.3p English support from the babel system

(/usr/share/texlive/texmf-dist/tex/generic/babel/babel.def
File: babel.def 2013/12/03 3.9h Babel common definitions
\babel@savecnt=\count88
\U@D=\dimen103
)
\l@canadian = a dialect from \language\l@american 
\l@australian = a dialect from \language\l@british 
\l@newzealand = a dialect from \language\l@british 
)
(/usr/share/texlive/texmf-dist/tex/generic/babel-french/frenchb.ldf
Language: frenchb 2013/12/30 v2.6g French support from the babel system
\FB@interchartokenstateORI=\count89
Package babel Info: Making : an active character on input line 244.
Package babel Info: Making ; an active character on input line 245.
Package babel Info: Making ! an active character on input line 246.
Package babel Info: Making ? an active character on input line 247.
\FB@Mht=\dimen104
\std@mcc=\count90
\dec@mcc=\count91
\listindentFB=\skip43
\labelwidthFB=\skip44
\leftmarginFB=\skip45
\parindentFFN=\dimen105
))
(/usr/share/texlive/texmf-dist/tex/latex/carlisle/scalefnt.sty)
(/usr/share/texlive/texmf-dist/tex/latex/graphics/keyval.sty
Package: keyval 1999/03/16 v1.13 key=value parser (DPC)
\KV@toks@=\toks16
)
(/usr/share/texlive/texmf-dist/tex/latex/base/fontenc.sty
Package: fontenc 2005/09/27 v1.99g Standard LaTeX package

(/usr/share/texlive/texmf-dist/tex/latex/base/t1enc.def
File: t1enc.def 2005/09/27 v1.99g Standard LaTeX file
LaTeX Font Info:    Redeclaring font encoding T1 on input line 43.
))
(/usr/share/texlive/texmf-dist/tex/latex/tools/verbatim.sty
Package: verbatim 2003/08/22 v1.5q LaTeX2e package for verbatim enhancements
\every@verbatim=\toks17
\verbatim@line=\toks18
\verbatim@in@stream=\read1
)
(/usr/share/texlive/texmf-dist/tex/latex/soul/soul.sty
Package: soul 2003/11/17 v2.4 letterspacing/underlining (mf)
\SOUL@word=\toks19
\SOUL@lasttoken=\toks20
\SOUL@cmds=\toks21
\SOUL@buffer=\toks22
\SOUL@token=\toks23
\SOUL@spaceskip=\skip46
\SOUL@ttwidth=\dimen106
\SOUL@uldp=\dimen107
\SOUL@ulht=\dimen108
)
(/usr/share/texlive/texmf-dist/tex/latex/graphics/color.sty
Package: color 2005/11/14 v1.0j Standard LaTeX Color (DPC)

(/usr/share/texlive/texmf-dist/tex/latex/latexconfig/color.cfg
File: color.cfg 2007/01/18 v1.5 color configuration of teTeX/TeXLive
)
Package color Info: Driver file: pdftex.def on input line 130.

(/usr/share/texlive/texmf-dist/tex/latex/pdftex-def/pdftex.def
File: pdftex.def 2011/05/27 v0.06d Graphics/color for pdfTeX

(/usr/share/texlive/texmf-dist/tex/generic/oberdiek/infwarerr.sty
Package: infwarerr 2010/04/08 v1.3 Providing info/warning/error messages (HO)
)
(/usr/share/texlive/texmf-dist/tex/generic/oberdiek/ltxcmds.sty
Package: ltxcmds 2011/11/09 v1.22 LaTeX kernel commands for general use (HO)
)
\Gread@gobject=\count92
))
(/usr/share/texlive/texmf-dist/tex/latex/titlesec/titlesec.sty
Package: titlesec 2011/12/15 v2.10.0 Sectioning titles
\ttl@box=\box26
\beforetitleunit=\skip47
\aftertitleunit=\skip48
\ttl@plus=\dimen109
\ttl@minus=\dimen110
\ttl@toksa=\toks24
\titlewidth=\dimen111
\titlewidthlast=\dimen112
\titlewidthfirst=\dimen113
)
(/usr/share/texlive/texmf-dist/tex/latex/colortbl/colortbl.sty
Package: colortbl 2012/02/13 v1.0a Color table columns (DPC)

(/usr/share/texlive/texmf-dist/tex/latex/tools/array.sty
Package: array 2008/09/09 v2.4c Tabular extension package (FMi)
\col@sep=\dimen114
\extrarowheight=\dimen115
\NC@list=\toks25
\extratabsurround=\skip49
\backup@length=\skip50
)
\everycr=\toks26
\minrowclearance=\skip51
)
(/usr/share/texlive/texmf-dist/tex/latex/geometry/geometry.sty
Package: geometry 2010/09/12 v5.6 Page Geometry

(/usr/share/texlive/texmf-dist/tex/generic/oberdiek/ifpdf.sty
Package: ifpdf 2011/01/30 v2.3 Provides the ifpdf switch (HO)
Package ifpdf Info: pdfTeX in PDF mode is detected.
)
(/usr/share/texlive/texmf-dist/tex/generic/oberdiek/ifvtex.sty
Package: ifvtex 2010/03/01 v1.5 Detect VTeX and its facilities (HO)
Package ifvtex Info: VTeX not detected.
)
(/usr/share/texlive/texmf-dist/tex/generic/ifxetex/ifxetex.sty
Package: ifxetex 2010/09/12 v0.6 Provides ifxetex conditional
)
\Gm@cnth=\count93
\Gm@cntv=\count94
\c@Gm@tempcnt=\count95
\Gm@bindingoffset=\dimen116
\Gm@wd@mp=\dimen117
\Gm@odd@mp=\dimen118
\Gm@even@mp=\dimen119
\Gm@layoutwidth=\dimen120
\Gm@layoutheight=\dimen121
\Gm@layouthoffset=\dimen122
\Gm@layoutvoffset=\dimen123
\Gm@dimlist=\toks27
)
(/usr/share/texlive/texmf-dist/tex/latex/cite/cite.sty
LaTeX Info: Redefining \cite on input line 302.
LaTeX Info: Redefining \nocite on input line 373.
Package: cite 2010/09/10  v 5.3
)
(/usr/share/texlive/texmf-dist/tex/latex/wrapfig/wrapfig.sty
\wrapoverhang=\dimen124
\WF@size=\dimen125
\c@WF@wrappedlines=\count96
\WF@box=\box27
\WF@everypar=\toks28
Package: wrapfig 2003/01/31  v 3.6
)
(/usr/share/texlive/texmf-dist/tex/latex/stmaryrd/stmaryrd.sty
Package: stmaryrd 1994/03/03 St Mary's Road symbol package
\symstmry=\mathgroup4
LaTeX Font Info:    Overwriting symbol font `stmry' in version `bold'
(Font)                  U/stmry/m/n --> U/stmry/b/n on input line 89.
)
(/usr/share/texlive/texmf-dist/tex/latex/amsmath/amsmath.sty
Package: amsmath 2013/01/14 v2.14 AMS math features
\@mathmargin=\skip52

For additional information on amsmath, use the `?' option.
(/usr/share/texlive/texmf-dist/tex/latex/amsmath/amstext.sty
Package: amstext 2000/06/29 v2.01

(/usr/share/texlive/texmf-dist/tex/latex/amsmath/amsgen.sty
File: amsgen.sty 1999/11/30 v2.0
\@emptytoks=\toks29
\ex@=\dimen126
))
(/usr/share/texlive/texmf-dist/tex/latex/amsmath/amsbsy.sty
Package: amsbsy 1999/11/29 v1.2d
\pmbraise@=\dimen127
)
(/usr/share/texlive/texmf-dist/tex/latex/amsmath/amsopn.sty
Package: amsopn 1999/12/14 v2.01 operator names
)
\inf@bad=\count97
LaTeX Info: Redefining \frac on input line 210.
\uproot@=\count98
\leftroot@=\count99
LaTeX Info: Redefining \overline on input line 306.
\classnum@=\count100
\DOTSCASE@=\count101
LaTeX Info: Redefining \ldots on input line 378.
LaTeX Info: Redefining \dots on input line 381.
LaTeX Info: Redefining \cdots on input line 466.
\Mathstrutbox@=\box28
\strutbox@=\box29
\big@size=\dimen128
LaTeX Font Info:    Redeclaring font encoding OML on input line 566.
LaTeX Font Info:    Redeclaring font encoding OMS on input line 567.
\macc@depth=\count102
\c@MaxMatrixCols=\count103
\dotsspace@=\muskip10
\c@parentequation=\count104
\dspbrk@lvl=\count105
\tag@help=\toks30
\row@=\count106
\column@=\count107
\maxfields@=\count108
\andhelp@=\toks31
\eqnshift@=\dimen129
\alignsep@=\dimen130
\tagshift@=\dimen131
\tagwidth@=\dimen132
\totwidth@=\dimen133
\lineht@=\dimen134
\@envbody=\toks32
\multlinegap=\skip53
\multlinetaggap=\skip54
\mathdisplay@stack=\toks33
LaTeX Info: Redefining \[ on input line 2665.
LaTeX Info: Redefining \] on input line 2666.
)
(/usr/share/texlive/texmf-dist/tex/latex/amscls/amsthm.sty
Package: amsthm 2004/08/06 v2.20
\thm@style=\toks34
\thm@bodyfont=\toks35
\thm@headfont=\toks36
\thm@notefont=\toks37
\thm@headpunct=\toks38
\thm@preskip=\skip55
\thm@postskip=\skip56
\thm@headsep=\skip57
\dth@everypar=\toks39
)
(/usr/share/texlive/texmf-dist/tex/latex/amsfonts/amssymb.sty
Package: amssymb 2013/01/14 v3.01 AMS font symbols

(/usr/share/texlive/texmf-dist/tex/latex/amsfonts/amsfonts.sty
Package: amsfonts 2013/01/14 v3.01 Basic AMSFonts support
\symAMSa=\mathgroup5
\symAMSb=\mathgroup6
LaTeX Font Info:    Overwriting math alphabet `\mathfrak' in version `bold'
(Font)                  U/euf/m/n --> U/euf/b/n on input line 106.
)
LaTeX Font Info:    Redeclaring math symbol \boxdot on input line 44.
)
(/usr/share/texlive/texmf-dist/tex/latex/base/latexsym.sty
Package: latexsym 1998/08/17 v2.2e Standard LaTeX package (lasy symbols)
\symlasy=\mathgroup7
LaTeX Font Info:    Overwriting symbol font `lasy' in version `bold'
(Font)                  U/lasy/m/n --> U/lasy/b/n on input line 47.
)
(/usr/share/texlive/texmf-dist/tex/latex/jknapltx/mathrsfs.sty
Package: mathrsfs 1996/01/01 Math RSFS package v1.0 (jk)
\symrsfs=\mathgroup8
)
(/usr/share/texlive/texmf-dist/tex/latex/doublestroke/dsfont.sty
Package: dsfont 1995/08/01 v0.1 Double stroke roman fonts
)
(/usr/share/texlive/texmf-dist/tex/latex/mh/mathtools.sty
Package: mathtools 2013/02/12 v1.13 mathematical typesetting tools

(/usr/share/texlive/texmf-dist/tex/latex/tools/calc.sty
Package: calc 2007/08/22 v4.3 Infix arithmetic (KKT,FJ)
\calc@Acount=\count109
\calc@Bcount=\count110
\calc@Adimen=\dimen135
\calc@Bdimen=\dimen136
\calc@Askip=\skip58
\calc@Bskip=\skip59
LaTeX Info: Redefining \setlength on input line 76.
LaTeX Info: Redefining \addtolength on input line 77.
\calc@Ccount=\count111
\calc@Cskip=\skip60
)
(/usr/share/texlive/texmf-dist/tex/latex/mh/mhsetup.sty
Package: mhsetup 2010/01/21 v1.2a programming setup (MH)
)
LaTeX Info: Thecontrolsequence`\['isalreadyrobust on input line 129.
LaTeX Info: Thecontrolsequence`\]'isalreadyrobust on input line 129.
\g_MT_multlinerow_int=\count112
\l_MT_multwidth_dim=\dimen137
\origjot=\skip61
\l_MT_shortvdotswithinadjustabove_dim=\dimen138
\l_MT_shortvdotswithinadjustbelow_dim=\dimen139
\l_MT_above_intertext_sep=\dimen140
\l_MT_below_intertext_sep=\dimen141
\l_MT_above_shortintertext_sep=\dimen142
\l_MT_below_shortintertext_sep=\dimen143
)
(/usr/share/texlive/texmf-dist/tex/latex/bbold/bbold.sty
Package: bbold 1994/04/06 Bbold symbol package
LaTeX Font Info:    Redeclaring math alphabet \mathbb on input line 42.
)
(/usr/share/texlive/texmf-dist/tex/latex/float/float.sty
Package: float 2001/11/08 v1.3d Float enhancements (AL)
\c@float@type=\count113
\float@exts=\toks40
\float@box=\box30
\@float@everytoks=\toks41
\@floatcapt=\box31
)
(/usr/share/texlive/texmf-dist/tex/latex/algorithm2e/algorithm2e.sty
Package: algorithm2e 2013/01/06 v5.00 algorithms environments
\c@AlgoLine=\count114

(/usr/share/texlive/texmf-dist/tex/latex/base/ifthen.sty
Package: ifthen 2001/05/26 v1.1c Standard LaTeX ifthen package (DPC)
)
(/usr/share/texlive/texmf-dist/tex/latex/tools/xspace.sty
Package: xspace 2009/10/20 v1.13 Space after command names (DPC,MH)
)
(/usr/share/texlive/texmf-dist/tex/latex/relsize/relsize.sty
Package: relsize 2013/03/29 ver 4.1
)
********************************************************
Package `algorithm2e' Release 5.0 -- january 06 2013 --
- algorithm2e-announce@lirmm.fr mailing list for announcement about releases
- algorithm2e-discussion@lirmm.fr mailing list for discussion about package
subscribe by emailing sympa@lirmm.fr with 'subscribe <list> <firstname name>'
- Author: Christophe Fiorio (cfiorio@um2.fr)
********************************************************
\skiptotal=\skip62
\skiplinenumber=\skip63
\skiprule=\skip64
\skiphlne=\skip65
\skiptext=\skip66
\skiplength=\skip67
\algomargin=\skip68
\skipalgocfslide=\skip69
\algowidth=\dimen144
\inoutsize=\dimen145
\inoutindent=\dimen146
\interspacetitleruled=\dimen147
\interspacealgoruled=\dimen148
\interspacetitleboxruled=\dimen149
\algocf@inoutbox=\box32
\algocf@inputbox=\box33
\AlCapSkip=\skip70
\AlCapHSkip=\skip71
\algoskipindent=\skip72
\algocf@nlbox=\box34
\algocf@hangingbox=\box35
\algocf@untilbox=\box36
\algocf@skipuntil=\skip73
\algocf@capbox=\box37
\algoheightruledefault=\skip74
\algoheightrule=\skip75
\algotitleheightruledefault=\skip76
\algotitleheightrule=\skip77
\c@algocfline=\count115
\c@algocfproc=\count116
\c@algocf=\count117
\algocf@algoframe=\box38
\algocf@algobox=\box39
) (/usr/share/texlive/texmf-dist/tex/latex/algorithms/algorithmic.sty
Package: algorithmic 2009/08/24 v0.1 Document Style `algorithmic'
\c@ALC@unique=\count118
\c@ALC@line=\count119
\c@ALC@rem=\count120
\c@ALC@depth=\count121
\ALC@tlm=\skip78
\algorithmicindent=\skip79
)
(/usr/share/texlive/texmf-dist/tex/latex/graphics/graphicx.sty
Package: graphicx 1999/02/16 v1.0f Enhanced LaTeX Graphics (DPC,SPQR)

(/usr/share/texlive/texmf-dist/tex/latex/graphics/graphics.sty
Package: graphics 2009/02/05 v1.0o Standard LaTeX Graphics (DPC,SPQR)

(/usr/share/texlive/texmf-dist/tex/latex/graphics/trig.sty
Package: trig 1999/03/16 v1.09 sin cos tan (DPC)
)
(/usr/share/texlive/texmf-dist/tex/latex/latexconfig/graphics.cfg
File: graphics.cfg 2010/04/23 v1.9 graphics configuration of TeX Live
)
Package graphics Info: Driver file: pdftex.def on input line 91.
)
\Gin@req@height=\dimen150
\Gin@req@width=\dimen151
)
(/usr/share/texlive/texmf-dist/tex/latex/caption/caption.sty
Package: caption 2013/05/02 v3.3-89 Customizing captions (AR)

(/usr/share/texlive/texmf-dist/tex/latex/caption/caption3.sty
Package: caption3 2013/05/02 v1.6-88 caption3 kernel (AR)
Package caption3 Info: TeX engine: e-TeX on input line 57.
\captionmargin=\dimen152
\captionmargin@=\dimen153
\captionwidth=\dimen154
\caption@tempdima=\dimen155
\caption@indent=\dimen156
\caption@parindent=\dimen157
\caption@hangindent=\dimen158
)
\c@ContinuedFloat=\count122
Package caption Info: float package is loaded.
Package caption Info: wrapfig package is loaded.
)
(/usr/share/texlive/texmf-dist/tex/latex/caption/subcaption.sty
Package: subcaption 2013/02/03 v1.1-62 Sub-captions (AR)
\c@subfigure=\count123
\c@subtable=\count124
)
(/usr/share/texlive/texmf-dist/tex/latex/oberdiek/epstopdf.sty
Package: epstopdf 2010/02/09 v2.5 Conversion with epstopdf on the fly (HO)

(/usr/share/texlive/texmf-dist/tex/latex/oberdiek/epstopdf-base.sty
Package: epstopdf-base 2010/02/09 v2.5 Base part for package epstopdf

(/usr/share/texlive/texmf-dist/tex/latex/oberdiek/grfext.sty
Package: grfext 2010/08/19 v1.1 Manage graphics extensions (HO)

(/usr/share/texlive/texmf-dist/tex/generic/oberdiek/kvdefinekeys.sty
Package: kvdefinekeys 2011/04/07 v1.3 Define keys (HO)
))
(/usr/share/texlive/texmf-dist/tex/latex/oberdiek/kvoptions.sty
Package: kvoptions 2011/06/30 v3.11 Key value format for package options (HO)

(/usr/share/texlive/texmf-dist/tex/generic/oberdiek/kvsetkeys.sty
Package: kvsetkeys 2012/04/25 v1.16 Key value parser (HO)

(/usr/share/texlive/texmf-dist/tex/generic/oberdiek/etexcmds.sty
Package: etexcmds 2011/02/16 v1.5 Avoid name clashes with e-TeX commands (HO)

(/usr/share/texlive/texmf-dist/tex/generic/oberdiek/ifluatex.sty
Package: ifluatex 2010/03/01 v1.3 Provides the ifluatex switch (HO)
Package ifluatex Info: LuaTeX not detected.
)
Package etexcmds Info: Could not find \expanded.
(etexcmds)             That can mean that you are not using pdfTeX 1.50 or
(etexcmds)             that some package has redefined \expanded.
(etexcmds)             In the latter case, load this package earlier.
)))
(/usr/share/texlive/texmf-dist/tex/generic/oberdiek/pdftexcmds.sty
Package: pdftexcmds 2011/11/29 v0.20 Utility functions of pdfTeX for LuaTeX (HO
)
Package pdftexcmds Info: LuaTeX not detected.
Package pdftexcmds Info: \pdf@primitive is available.
Package pdftexcmds Info: \pdf@ifprimitive is available.
Package pdftexcmds Info: \pdfdraftmode found.
)
Package grfext Info: Graphics extension search list:
(grfext)             [.png,.pdf,.jpg,.mps,.jpeg,.jbig2,.jb2,.PNG,.PDF,.JPG,.JPE
G,.JBIG2,.JB2,.eps]
(grfext)             \AppendGraphicsExtensions on input line 452.

(/usr/share/texlive/texmf-dist/tex/latex/latexconfig/epstopdf-sys.cfg
File: epstopdf-sys.cfg 2010/07/13 v1.3 Configuration of (r)epstopdf for TeX Liv
e
)))
(/usr/share/texmf/tex/latex/pgf/frontendlayer/tikz.sty
(/usr/share/texmf/tex/latex/pgf/basiclayer/pgf.sty
(/usr/share/texmf/tex/latex/pgf/utilities/pgfrcs.sty
(/usr/share/texmf/tex/generic/pgf/utilities/pgfutil-common.tex
\pgfutil@everybye=\toks42
)
(/usr/share/texmf/tex/generic/pgf/utilities/pgfutil-latex.def
\pgfutil@abb=\box40

(/usr/share/texlive/texmf-dist/tex/latex/ms/everyshi.sty
Package: everyshi 2001/05/15 v3.00 EveryShipout Package (MS)
))
(/usr/share/texmf/tex/generic/pgf/utilities/pgfrcs.code.tex
Package: pgfrcs 2010/10/25 v2.10 (rcs-revision 1.24)
))
Package: pgf 2008/01/15 v2.10 (rcs-revision 1.12)

(/usr/share/texmf/tex/latex/pgf/basiclayer/pgfcore.sty
(/usr/share/texmf/tex/latex/pgf/systemlayer/pgfsys.sty
(/usr/share/texmf/tex/generic/pgf/systemlayer/pgfsys.code.tex
Package: pgfsys 2010/06/30 v2.10 (rcs-revision 1.37)

(/usr/share/texmf/tex/generic/pgf/utilities/pgfkeys.code.tex
\pgfkeys@pathtoks=\toks43
\pgfkeys@temptoks=\toks44

(/usr/share/texmf/tex/generic/pgf/utilities/pgfkeysfiltered.code.tex
\pgfkeys@tmptoks=\toks45
))
\pgf@x=\dimen159
\pgf@y=\dimen160
\pgf@xa=\dimen161
\pgf@ya=\dimen162
\pgf@xb=\dimen163
\pgf@yb=\dimen164
\pgf@xc=\dimen165
\pgf@yc=\dimen166
\w@pgf@writea=\write3
\r@pgf@reada=\read2
\c@pgf@counta=\count125
\c@pgf@countb=\count126
\c@pgf@countc=\count127
\c@pgf@countd=\count128

(/usr/share/texmf/tex/generic/pgf/systemlayer/pgf.cfg
File: pgf.cfg 2008/05/14  (rcs-revision 1.7)
)
Package pgfsys Info: Driver file for pgf: pgfsys-pdftex.def on input line 900.

(/usr/share/texmf/tex/generic/pgf/systemlayer/pgfsys-pdftex.def
File: pgfsys-pdftex.def 2009/05/22  (rcs-revision 1.26)

(/usr/share/texmf/tex/generic/pgf/systemlayer/pgfsys-common-pdf.def
File: pgfsys-common-pdf.def 2008/05/19  (rcs-revision 1.10)
)))
(/usr/share/texmf/tex/generic/pgf/systemlayer/pgfsyssoftpath.code.tex
File: pgfsyssoftpath.code.tex 2008/07/18  (rcs-revision 1.7)
\pgfsyssoftpath@smallbuffer@items=\count129
\pgfsyssoftpath@bigbuffer@items=\count130
)
(/usr/share/texmf/tex/generic/pgf/systemlayer/pgfsysprotocol.code.tex
File: pgfsysprotocol.code.tex 2006/10/16  (rcs-revision 1.4)
))
(/usr/share/texmf/tex/latex/xcolor/xcolor.sty
Package: xcolor 2007/01/21 v2.11 LaTeX color extensions (UK)

(/usr/share/texlive/texmf-dist/tex/latex/latexconfig/color.cfg
File: color.cfg 2007/01/18 v1.5 color configuration of teTeX/TeXLive
)
Package xcolor Info: Driver file: pdftex.def on input line 225.
LaTeX Info: Redefining \color on input line 702.
Package xcolor Info: Model `cmy' substituted by `cmy0' on input line 1337.
Package xcolor Info: Model `hsb' substituted by `rgb' on input line 1341.
Package xcolor Info: Model `RGB' extended on input line 1353.
Package xcolor Info: Model `HTML' substituted by `rgb' on input line 1355.
Package xcolor Info: Model `Hsb' substituted by `hsb' on input line 1356.
Package xcolor Info: Model `tHsb' substituted by `hsb' on input line 1357.
Package xcolor Info: Model `HSB' substituted by `hsb' on input line 1358.
Package xcolor Info: Model `Gray' substituted by `gray' on input line 1359.
Package xcolor Info: Model `wave' substituted by `hsb' on input line 1360.
)
(/usr/share/texmf/tex/generic/pgf/basiclayer/pgfcore.code.tex
Package: pgfcore 2010/04/11 v2.10 (rcs-revision 1.7)

(/usr/share/texmf/tex/generic/pgf/math/pgfmath.code.tex
(/usr/share/texmf/tex/generic/pgf/math/pgfmathcalc.code.tex
(/usr/share/texmf/tex/generic/pgf/math/pgfmathutil.code.tex)
(/usr/share/texmf/tex/generic/pgf/math/pgfmathparser.code.tex
\pgfmath@dimen=\dimen167
\pgfmath@count=\count131
\pgfmath@box=\box41
\pgfmath@toks=\toks46
\pgfmath@stack@operand=\toks47
\pgfmath@stack@operation=\toks48
)
(/usr/share/texmf/tex/generic/pgf/math/pgfmathfunctions.code.tex
(/usr/share/texmf/tex/generic/pgf/math/pgfmathfunctions.basic.code.tex)
(/usr/share/texmf/tex/generic/pgf/math/pgfmathfunctions.trigonometric.code.tex)
(/usr/share/texmf/tex/generic/pgf/math/pgfmathfunctions.random.code.tex)
(/usr/share/texmf/tex/generic/pgf/math/pgfmathfunctions.comparison.code.tex)
(/usr/share/texmf/tex/generic/pgf/math/pgfmathfunctions.base.code.tex)
(/usr/share/texmf/tex/generic/pgf/math/pgfmathfunctions.round.code.tex)
(/usr/share/texmf/tex/generic/pgf/math/pgfmathfunctions.misc.code.tex)))
(/usr/share/texmf/tex/generic/pgf/math/pgfmathfloat.code.tex
\c@pgfmathroundto@lastzeros=\count132
))
(/usr/share/texmf/tex/generic/pgf/basiclayer/pgfcorepoints.code.tex
File: pgfcorepoints.code.tex 2010/04/09  (rcs-revision 1.20)
\pgf@picminx=\dimen168
\pgf@picmaxx=\dimen169
\pgf@picminy=\dimen170
\pgf@picmaxy=\dimen171
\pgf@pathminx=\dimen172
\pgf@pathmaxx=\dimen173
\pgf@pathminy=\dimen174
\pgf@pathmaxy=\dimen175
\pgf@xx=\dimen176
\pgf@xy=\dimen177
\pgf@yx=\dimen178
\pgf@yy=\dimen179
\pgf@zx=\dimen180
\pgf@zy=\dimen181
)
(/usr/share/texmf/tex/generic/pgf/basiclayer/pgfcorepathconstruct.code.tex
File: pgfcorepathconstruct.code.tex 2010/08/03  (rcs-revision 1.24)
\pgf@path@lastx=\dimen182
\pgf@path@lasty=\dimen183
)
(/usr/share/texmf/tex/generic/pgf/basiclayer/pgfcorepathusage.code.tex
File: pgfcorepathusage.code.tex 2008/04/22  (rcs-revision 1.12)
\pgf@shorten@end@additional=\dimen184
\pgf@shorten@start@additional=\dimen185
)
(/usr/share/texmf/tex/generic/pgf/basiclayer/pgfcorescopes.code.tex
File: pgfcorescopes.code.tex 2010/09/08  (rcs-revision 1.34)
\pgfpic=\box42
\pgf@hbox=\box43
\pgf@layerbox@main=\box44
\pgf@picture@serial@count=\count133
)
(/usr/share/texmf/tex/generic/pgf/basiclayer/pgfcoregraphicstate.code.tex
File: pgfcoregraphicstate.code.tex 2008/04/22  (rcs-revision 1.9)
\pgflinewidth=\dimen186
)
(/usr/share/texmf/tex/generic/pgf/basiclayer/pgfcoretransformations.code.tex
File: pgfcoretransformations.code.tex 2009/06/10  (rcs-revision 1.11)
\pgf@pt@x=\dimen187
\pgf@pt@y=\dimen188
\pgf@pt@temp=\dimen189
)
(/usr/share/texmf/tex/generic/pgf/basiclayer/pgfcorequick.code.tex
File: pgfcorequick.code.tex 2008/10/09  (rcs-revision 1.3)
)
(/usr/share/texmf/tex/generic/pgf/basiclayer/pgfcoreobjects.code.tex
File: pgfcoreobjects.code.tex 2006/10/11  (rcs-revision 1.2)
)
(/usr/share/texmf/tex/generic/pgf/basiclayer/pgfcorepathprocessing.code.tex
File: pgfcorepathprocessing.code.tex 2008/10/09  (rcs-revision 1.8)
)
(/usr/share/texmf/tex/generic/pgf/basiclayer/pgfcorearrows.code.tex
File: pgfcorearrows.code.tex 2008/04/23  (rcs-revision 1.11)
)
(/usr/share/texmf/tex/generic/pgf/basiclayer/pgfcoreshade.code.tex
File: pgfcoreshade.code.tex 2008/11/23  (rcs-revision 1.13)
\pgf@max=\dimen190
\pgf@sys@shading@range@num=\count134
)
(/usr/share/texmf/tex/generic/pgf/basiclayer/pgfcoreimage.code.tex
File: pgfcoreimage.code.tex 2010/03/25  (rcs-revision 1.16)

(/usr/share/texmf/tex/generic/pgf/basiclayer/pgfcoreexternal.code.tex
File: pgfcoreexternal.code.tex 2010/09/01  (rcs-revision 1.17)
\pgfexternal@startupbox=\box45
))
(/usr/share/texmf/tex/generic/pgf/basiclayer/pgfcorelayers.code.tex
File: pgfcorelayers.code.tex 2010/08/27  (rcs-revision 1.2)
)
(/usr/share/texmf/tex/generic/pgf/basiclayer/pgfcoretransparency.code.tex
File: pgfcoretransparency.code.tex 2008/01/17  (rcs-revision 1.2)
)
(/usr/share/texmf/tex/generic/pgf/basiclayer/pgfcorepatterns.code.tex
File: pgfcorepatterns.code.tex 2009/07/02  (rcs-revision 1.3)
)))
(/usr/share/texmf/tex/generic/pgf/modules/pgfmoduleshapes.code.tex
File: pgfmoduleshapes.code.tex 2010/09/09  (rcs-revision 1.13)
\pgfnodeparttextbox=\box46
)
(/usr/share/texmf/tex/generic/pgf/modules/pgfmoduleplot.code.tex
File: pgfmoduleplot.code.tex 2010/10/22  (rcs-revision 1.8)
)
(/usr/share/texmf/tex/latex/pgf/compatibility/pgfcomp-version-0-65.sty
Package: pgfcomp-version-0-65 2007/07/03 v2.10 (rcs-revision 1.7)
\pgf@nodesepstart=\dimen191
\pgf@nodesepend=\dimen192
)
(/usr/share/texmf/tex/latex/pgf/compatibility/pgfcomp-version-1-18.sty
Package: pgfcomp-version-1-18 2007/07/23 v2.10 (rcs-revision 1.1)
))
(/usr/share/texmf/tex/latex/pgf/utilities/pgffor.sty
(/usr/share/texmf/tex/latex/pgf/utilities/pgfkeys.sty
(/usr/share/texmf/tex/generic/pgf/utilities/pgfkeys.code.tex))
(/usr/share/texmf/tex/generic/pgf/utilities/pgffor.code.tex
Package: pgffor 2010/03/23 v2.10 (rcs-revision 1.18)
\pgffor@iter=\dimen193
\pgffor@skip=\dimen194
\pgffor@stack=\toks49
\pgffor@toks=\toks50
))
(/usr/share/texmf/tex/generic/pgf/frontendlayer/tikz/tikz.code.tex
Package: tikz 2010/10/13 v2.10 (rcs-revision 1.76)

(/usr/share/texmf/tex/generic/pgf/libraries/pgflibraryplothandlers.code.tex
File: pgflibraryplothandlers.code.tex 2010/05/31 v2.10 (rcs-revision 1.15)
\pgf@plot@mark@count=\count135
\pgfplotmarksize=\dimen195
)
\tikz@lastx=\dimen196
\tikz@lasty=\dimen197
\tikz@lastxsaved=\dimen198
\tikz@lastysaved=\dimen199
\tikzleveldistance=\dimen200
\tikzsiblingdistance=\dimen201
\tikz@figbox=\box47
\tikz@tempbox=\box48
\tikztreelevel=\count136
\tikznumberofchildren=\count137
\tikznumberofcurrentchild=\count138
\tikz@fig@count=\count139

(/usr/share/texmf/tex/generic/pgf/modules/pgfmodulematrix.code.tex
File: pgfmodulematrix.code.tex 2010/08/24  (rcs-revision 1.4)
\pgfmatrixcurrentrow=\count140
\pgfmatrixcurrentcolumn=\count141
\pgf@matrix@numberofcolumns=\count142
)
\tikz@expandcount=\count143

(/usr/share/texmf/tex/generic/pgf/frontendlayer/tikz/libraries/tikzlibrarytopat
hs.code.tex
File: tikzlibrarytopaths.code.tex 2008/06/17 v2.10 (rcs-revision 1.2)
)))
(/usr/share/texmf/tex/generic/pgf/frontendlayer/tikz/libraries/tikzlibraryarrow
s.code.tex
File: tikzlibraryarrows.code.tex 2008/01/09 v2.10 (rcs-revision 1.1)

(/usr/share/texmf/tex/generic/pgf/libraries/pgflibraryarrows.code.tex
File: pgflibraryarrows.code.tex 2008/10/27 v2.10 (rcs-revision 1.9)
\arrowsize=\dimen202
))
(/usr/share/texlive/texmf-dist/tex/latex/multirow/multirow.sty
\bigstrutjot=\dimen203
)
(/usr/share/texlive/texmf-dist/tex/latex/ae/ae.sty
Package: ae 2001/02/12 1.3 Almost European Computer Modern

(/usr/share/texlive/texmf-dist/tex/latex/base/fontenc.sty
Package: fontenc 2005/09/27 v1.99g Standard LaTeX package

(/usr/share/texlive/texmf-dist/tex/latex/base/t1enc.def
File: t1enc.def 2005/09/27 v1.99g Standard LaTeX file
LaTeX Font Info:    Redeclaring font encoding T1 on input line 43.
)
LaTeX Font Info:    Try loading font information for T1+aer on input line 100.

(/usr/share/texlive/texmf-dist/tex/latex/ae/t1aer.fd
File: t1aer.fd 1997/11/16 Font definitions for T1/aer.
)))
(/usr/share/texlive/texmf-dist/tex/latex/hyperref/hyperref.sty
Package: hyperref 2012/11/06 v6.83m Hypertext links for LaTeX

(/usr/share/texlive/texmf-dist/tex/generic/oberdiek/hobsub-hyperref.sty
Package: hobsub-hyperref 2012/05/28 v1.13 Bundle oberdiek, subset hyperref (HO)


(/usr/share/texlive/texmf-dist/tex/generic/oberdiek/hobsub-generic.sty
Package: hobsub-generic 2012/05/28 v1.13 Bundle oberdiek, subset generic (HO)
Package: hobsub 2012/05/28 v1.13 Construct package bundles (HO)
Package hobsub Info: Skipping package `infwarerr' (already loaded).
Package hobsub Info: Skipping package `ltxcmds' (already loaded).
Package hobsub Info: Skipping package `ifluatex' (already loaded).
Package hobsub Info: Skipping package `ifvtex' (already loaded).
Package: intcalc 2007/09/27 v1.1 Expandable calculations with integers (HO)
Package hobsub Info: Skipping package `ifpdf' (already loaded).
Package hobsub Info: Skipping package `etexcmds' (already loaded).
Package hobsub Info: Skipping package `kvsetkeys' (already loaded).
Package hobsub Info: Skipping package `kvdefinekeys' (already loaded).
Package hobsub Info: Skipping package `pdftexcmds' (already loaded).
Package: pdfescape 2011/11/25 v1.13 Implements pdfTeX's escape features (HO)
Package: bigintcalc 2012/04/08 v1.3 Expandable calculations on big integers (HO
)
Package: bitset 2011/01/30 v1.1 Handle bit-vector datatype (HO)
Package: uniquecounter 2011/01/30 v1.2 Provide unlimited unique counter (HO)
)
Package hobsub Info: Skipping package `hobsub' (already loaded).
Package: letltxmacro 2010/09/02 v1.4 Let assignment for LaTeX macros (HO)
Package: hopatch 2012/05/28 v1.2 Wrapper for package hooks (HO)
Package: xcolor-patch 2011/01/30 xcolor patch
Package: atveryend 2011/06/30 v1.8 Hooks at the very end of document (HO)
Package atveryend Info: \enddocument detected (standard20110627).
Package: atbegshi 2011/10/05 v1.16 At begin shipout hook (HO)
Package: refcount 2011/10/16 v3.4 Data extraction from label references (HO)
Package: hycolor 2011/01/30 v1.7 Color options for hyperref/bookmark (HO)
)
(/usr/share/texlive/texmf-dist/tex/latex/oberdiek/auxhook.sty
Package: auxhook 2011/03/04 v1.3 Hooks for auxiliary files (HO)
)
\@linkdim=\dimen204
\Hy@linkcounter=\count144
\Hy@pagecounter=\count145

(/usr/share/texlive/texmf-dist/tex/latex/hyperref/pd1enc.def
File: pd1enc.def 2012/11/06 v6.83m Hyperref: PDFDocEncoding definition (HO)
Now handling font encoding PD1 ...
... no UTF-8 mapping file for font encoding PD1
)
\Hy@SavedSpaceFactor=\count146

(/usr/share/texlive/texmf-dist/tex/latex/latexconfig/hyperref.cfg
File: hyperref.cfg 2002/06/06 v1.2 hyperref configuration of TeXLive
)
Package hyperref Info: Hyper figures OFF on input line 4443.
Package hyperref Info: Link nesting OFF on input line 4448.
Package hyperref Info: Hyper index ON on input line 4451.
Package hyperref Info: Plain pages OFF on input line 4458.
Package hyperref Info: Backreferencing OFF on input line 4463.
Package hyperref Info: Implicit mode ON; LaTeX internals redefined.
Package hyperref Info: Bookmarks ON on input line 4688.
\c@Hy@tempcnt=\count147

(/usr/share/texlive/texmf-dist/tex/latex/url/url.sty
\Urlmuskip=\muskip11
Package: url 2013/09/16  ver 3.4  Verb mode for urls, etc.
)
LaTeX Info: Redefining \url on input line 5041.
\XeTeXLinkMargin=\dimen205
\Fld@menulength=\count148
\Field@Width=\dimen206
\Fld@charsize=\dimen207
Package hyperref Info: Hyper figures OFF on input line 6295.
Package hyperref Info: Link nesting OFF on input line 6300.
Package hyperref Info: Hyper index ON on input line 6303.
Package hyperref Info: backreferencing OFF on input line 6310.
Package hyperref Info: Link coloring OFF on input line 6315.
Package hyperref Info: Link coloring with OCG OFF on input line 6320.
Package hyperref Info: PDF/A mode OFF on input line 6325.
LaTeX Info: Redefining \ref on input line 6365.
LaTeX Info: Redefining \pageref on input line 6369.
\Hy@abspage=\count149
\c@Item=\count150
\c@Hfootnote=\count151
)

Package hyperref Message: Driver (autodetected): hpdftex.

(/usr/share/texlive/texmf-dist/tex/latex/hyperref/hpdftex.def
File: hpdftex.def 2012/11/06 v6.83m Hyperref driver for pdfTeX
\Fld@listcount=\count152
\c@bookmark@seq@number=\count153

(/usr/share/texlive/texmf-dist/tex/latex/oberdiek/rerunfilecheck.sty
Package: rerunfilecheck 2011/04/15 v1.7 Rerun checks for auxiliary files (HO)
Package uniquecounter Info: New unique counter `rerunfilecheck' on input line 2
82.
)
\Hy@SectionHShift=\skip80
)
(/usr/share/texlive/texmf-dist/tex/generic/epsf/epsf.sty
This is `epsf.tex' v2.7.4 <14 February 2011>
\epsffilein=\read3
\epsfframemargin=\dimen208
\epsfframethickness=\dimen209
\epsfrsize=\dimen210
\epsftmp=\dimen211
\epsftsize=\dimen212
\epsfxsize=\dimen213
\epsfysize=\dimen214
\pspoints=\dimen215
) (/usr/share/texlive/texmf-dist/tex/latex/microtype/microtype.sty
Package: microtype 2013/05/23 v2.5a Micro-typographical refinements (RS)
\MT@toks=\toks51
\MT@count=\count154
LaTeX Info: Redefining \textls on input line 766.
\MT@outer@kern=\dimen216
LaTeX Info: Redefining \textmicrotypecontext on input line 1285.
\MT@listname@count=\count155

(/usr/share/texlive/texmf-dist/tex/latex/microtype/microtype-pdftex.def
File: microtype-pdftex.def 2013/05/23 v2.5a Definitions specific to pdftex (RS)

LaTeX Info: Redefining \lsstyle on input line 915.
LaTeX Info: Redefining \lslig on input line 915.
\MT@outer@space=\skip81
)
Package microtype Info: Loading configuration file microtype.cfg.

(/usr/share/texlive/texmf-dist/tex/latex/microtype/microtype.cfg
File: microtype.cfg 2013/05/23 v2.5a microtype main configuration file (RS)
))
\c@thm=\count156
\c@ques=\count157
\c@assumption=\count158
)
(/usr/share/texlive/texmf-dist/tex/latex/fancyhdr/fancyhdr.sty
\fancy@headwidth=\skip82
\f@ncyO@elh=\skip83
\f@ncyO@erh=\skip84
\f@ncyO@olh=\skip85
\f@ncyO@orh=\skip86
\f@ncyO@elf=\skip87
\f@ncyO@erf=\skip88
\f@ncyO@olf=\skip89
\f@ncyO@orf=\skip90
) (./SCHMT.aux)
\openout1 = `SCHMT.aux'.

LaTeX Font Info:    Checking defaults for OML/cmm/m/it on input line 34.
LaTeX Font Info:    ... okay on input line 34.
LaTeX Font Info:    Checking defaults for T1/cmr/m/n on input line 34.
LaTeX Font Info:    ... okay on input line 34.
LaTeX Font Info:    Checking defaults for OT1/cmr/m/n on input line 34.
LaTeX Font Info:    ... okay on input line 34.
LaTeX Font Info:    Checking defaults for OMS/cmsy/m/n on input line 34.
LaTeX Font Info:    ... okay on input line 34.
LaTeX Font Info:    Checking defaults for OMX/cmex/m/n on input line 34.
LaTeX Font Info:    ... okay on input line 34.
LaTeX Font Info:    Checking defaults for U/cmr/m/n on input line 34.
LaTeX Font Info:    ... okay on input line 34.
LaTeX Font Info:    Checking defaults for PD1/pdf/m/n on input line 34.
LaTeX Font Info:    ... okay on input line 34.
LaTeX Info: Redefining \degres on input line 34.
LaTeX Info: Redefining \dots on input line 34.
LaTeX Info: Redefining \up on input line 34.

(/usr/share/texlive/texmf-dist/tex/context/base/supp-pdf.mkii
[Loading MPS to PDF converter (version 2006.09.02).]
\scratchcounter=\count159
\scratchdimen=\dimen217
\scratchbox=\box49
\nofMPsegments=\count160
\nofMParguments=\count161
\everyMPshowfont=\toks52
\MPscratchCnt=\count162
\MPscratchDim=\dimen218
\MPnumerator=\count163
\makeMPintoPDFobject=\count164
\everyMPtoPDFconversion=\toks53
)
*geometry* driver: auto-detecting
*geometry* detected driver: pdftex
*geometry* verbose mode - [ preamble ] result:
* driver: pdftex
* paper: a4paper
* layout: <same size as paper>
* layoutoffset:(h,v)=(0.0pt,0.0pt)
* modes: 
* h-part:(L,W,R)=(76.82234pt, 443.86319pt, 76.82234pt)
* v-part:(T,H,B)=(56.9055pt, 702.78308pt, 85.35826pt)
* \paperwidth=597.50787pt
* \paperheight=845.04684pt
* \textwidth=443.86319pt
* \textheight=702.78308pt
* \oddsidemargin=4.55235pt
* \evensidemargin=4.55235pt
* \topmargin=-52.36449pt
* \headheight=12.0pt
* \headsep=25.0pt
* \topskip=11.0pt
* \footskip=30.0pt
* \marginparwidth=50.0pt
* \marginparsep=10.0pt
* \columnsep=10.0pt
* \skip\footins=10.0pt plus 4.0pt minus 2.0pt
* \hoffset=0.0pt
* \voffset=0.0pt
* \mag=1000
* \@twocolumnfalse
* \@twosidefalse
* \@mparswitchfalse
* \@reversemarginfalse
* (1in=72.27pt=25.4mm, 1cm=28.453pt)

Package caption Info: Begin \AtBeginDocument code.
Package caption Info: hyperref package is loaded.
Package caption Info: End \AtBeginDocument code.
ABD: EveryShipout initializing macros
\AtBeginShipoutBox=\box50
Package hyperref Info: Link coloring OFF on input line 34.

(/usr/share/texlive/texmf-dist/tex/latex/hyperref/nameref.sty
Package: nameref 2012/10/27 v2.43 Cross-referencing by name of section

(/usr/share/texlive/texmf-dist/tex/generic/oberdiek/gettitlestring.sty
Package: gettitlestring 2010/12/03 v1.4 Cleanup title references (HO)
)
\c@section@level=\count165
)
LaTeX Info: Redefining \ref on input line 34.
LaTeX Info: Redefining \pageref on input line 34.
LaTeX Info: Redefining \nameref on input line 34.

(./SCHMT.out) (./SCHMT.out)
\@outlinefile=\write4
\openout4 = `SCHMT.out'.

LaTeX Info: Redefining \microtypecontext on input line 34.
Package microtype Info: Generating PDF output.
Package microtype Info: Character protrusion enabled (level 2).
Package microtype Info: Using default protrusion set `alltext'.
Package microtype Info: Automatic font expansion enabled (level 2),
(microtype)             stretch: 20, shrink: 20, step: 1, non-selected.
Package microtype Info: Using default expansion set `basictext'.
Package microtype Info: No adjustment of tracking.
Package microtype Info: No adjustment of interword spacing.
Package microtype Info: No adjustment of character kerning.

(/usr/share/texlive/texmf-dist/tex/latex/microtype/mt-cmr.cfg
File: mt-cmr.cfg 2013/05/19 v2.2 microtype config. file: Computer Modern Roman 
(RS)
)
<Images/placeholder.jpg, id=187, 351.3125pt x 193.72375pt>
File: Images/placeholder.jpg Graphic file (type jpg)

<use Images/placeholder.jpg>
Package pdftex.def Info: Images/placeholder.jpg used on input line 39.
(pdftex.def)             Requested size: 256.09682pt x 85.3599pt.
File: Images/placeholder.jpg Graphic file (type jpg)
 <use Images/placeholder.jpg>
Package pdftex.def Info: Images/placeholder.jpg used on input line 41.
(pdftex.def)             Requested size: 85.35826pt x 47.0681pt.
 [1

{/var/lib/texmf/fonts/map/pdftex/updmap/pdftex.map} <./Images/placeholder.jpg>]
pdfTeX warning (ext4): destination with the same identifier (name{page.1}) has 
been already used, duplicate ignored
<to be read again> 
                   \relax 
l.89 	\tableofcontents
                       [1

] (./SCHMT.toc
LaTeX Font Info:    Try loading font information for U+stmry on input line 3.

(/usr/share/texlive/texmf-dist/tex/latex/stmaryrd/Ustmry.fd)
LaTeX Font Info:    Try loading font information for U+msa on input line 3.

(/usr/share/texlive/texmf-dist/tex/latex/amsfonts/umsa.fd
File: umsa.fd 2013/01/14 v3.01 AMS symbols A
)
(/usr/share/texlive/texmf-dist/tex/latex/microtype/mt-msa.cfg
File: mt-msa.cfg 2006/02/04 v1.1 microtype config. file: AMS symbols (a) (RS)
)
LaTeX Font Info:    Try loading font information for U+msb on input line 3.

(/usr/share/texlive/texmf-dist/tex/latex/amsfonts/umsb.fd
File: umsb.fd 2013/01/14 v3.01 AMS symbols B
)
(/usr/share/texlive/texmf-dist/tex/latex/microtype/mt-msb.cfg
File: mt-msb.cfg 2005/06/01 v1.0 microtype config. file: AMS symbols (b) (RS)
)
LaTeX Font Info:    Try loading font information for U+lasy on input line 3.

(/usr/share/texlive/texmf-dist/tex/latex/base/ulasy.fd
File: ulasy.fd 1998/08/17 v2.2e LaTeX symbol font definitions
)
LaTeX Font Info:    Try loading font information for U+rsfs on input line 3.

(/usr/share/texlive/texmf-dist/tex/latex/jknapltx/ursfs.fd
File: ursfs.fd 1998/03/24 rsfs font definition file (jk)
) [2

])
\tf@toc=\write5
\openout5 = `SCHMT.toc'.

File: Images/placeholder.jpg Graphic file (type jpg)

<use Images/placeholder.jpg>
Package pdftex.def Info: Images/placeholder.jpg used on input line 90.
(pdftex.def)             Requested size: 28.45274pt x 15.6874pt.
File: Images/placeholder.jpg Graphic file (type jpg)
 <use Images/placeholder.jpg>
Package pdftex.def Info: Images/placeholder.jpg used on input line 90.
(pdftex.def)             Requested size: 42.67912pt x 23.53256pt.
 [3] (./SCHMT.lof)
\tf@lof=\write6
\openout6 = `SCHMT.lof'.


[4


]
Chapitre 1.

Underfull \hbox (badness 10000) in paragraph at lines 100--101

 []

LaTeX Font Info:    Try loading font information for U+dsrom on input line 107.

(/usr/share/texlive/texmf-dist/tex/latex/doublestroke/Udsrom.fd
File: Udsrom.fd 1995/08/01 v0.1 Double stroke roman font definitions
)
File: Images/placeholder.jpg Graphic file (type jpg)

<use Images/placeholder.jpg>
Package pdftex.def Info: Images/placeholder.jpg used on input line 111.
(pdftex.def)             Requested size: 252.94499pt x 139.4869pt.

Underfull \hbox (badness 10000) in paragraph at lines 118--119

 []

[5

]
Underfull \hbox (badness 10000) in paragraph at lines 134--135

 []


Underfull \hbox (badness 10000) in paragraph at lines 136--137

 []

File: Images/placeholder.jpg Graphic file (type jpg)
<use Images/placeholder.jpg>
Package pdftex.def Info: Images/placeholder.jpg used on input line 140.
(pdftex.def)             Requested size: 252.94499pt x 139.4869pt.

Underfull \hbox (badness 10000) in paragraph at lines 147--148

 []

File: Images/placeholder.jpg Graphic file (type jpg)
<use Images/placeholder.jpg>
Package pdftex.def Info: Images/placeholder.jpg used on input line 151.
(pdftex.def)             Requested size: 252.94499pt x 139.4869pt.
File: Images/placeholder.jpg Graphic file (type jpg)
 <use Images/placeholder.jpg>
Package pdftex.def Info: Images/placeholder.jpg used on input line 159.
(pdftex.def)             Requested size: 28.45274pt x 15.6874pt.
File: Images/placeholder.jpg Graphic file (type jpg)

<use Images/placeholder.jpg>
Package pdftex.def Info: Images/placeholder.jpg used on input line 159.
(pdftex.def)             Requested size: 42.67912pt x 23.53256pt.
 [6]
File: Images/placeholder.jpg Graphic file (type jpg)
 <use Images/placeholder.jpg>
Package pdftex.def Info: Images/placeholder.jpg used on input line 162.
(pdftex.def)             Requested size: 252.94499pt x 139.4869pt.
File: Images/placeholder.jpg Graphic file (type jpg)

<use Images/placeholder.jpg>
Package pdftex.def Info: Images/placeholder.jpg used on input line 185.
(pdftex.def)             Requested size: 28.45274pt x 15.6874pt.
File: Images/placeholder.jpg Graphic file (type jpg)
 <use Images/placeholder.jpg>
Package pdftex.def Info: Images/placeholder.jpg used on input line 185.
(pdftex.def)             Requested size: 42.67912pt x 23.53256pt.
 [7]
Underfull \hbox (badness 10000) in paragraph at lines 239--240

 []


Underfull \hbox (badness 10000) in paragraph at lines 244--245

 []

File: Images/placeholder.jpg Graphic file (type jpg)
<use Images/placeholder.jpg>
Package pdftex.def Info: Images/placeholder.jpg used on input line 262.
(pdftex.def)             Requested size: 28.45274pt x 15.6874pt.
File: Images/placeholder.jpg Graphic file (type jpg)
 <use Images/placeholder.jpg>
Package pdftex.def Info: Images/placeholder.jpg used on input line 262.
(pdftex.def)             Requested size: 42.67912pt x 23.53256pt.
 [8]
Underfull \hbox (badness 10000) in paragraph at lines 265--266

 []


Underfull \hbox (badness 10000) in paragraph at lines 267--268

 []

File: Images/placeholder.jpg Graphic file (type jpg)
<use Images/placeholder.jpg>
Package pdftex.def Info: Images/placeholder.jpg used on input line 284.
(pdftex.def)             Requested size: 28.45274pt x 15.6874pt.
File: Images/placeholder.jpg Graphic file (type jpg)
 <use Images/placeholder.jpg>
Package pdftex.def Info: Images/placeholder.jpg used on input line 284.
(pdftex.def)             Requested size: 42.67912pt x 23.53256pt.
 [9]
Chapitre 2.

Underfull \hbox (badness 10000) in paragraph at lines 289--290

 []


Underfull \hbox (badness 10000) in paragraph at lines 307--308

 []


Underfull \hbox (badness 10000) in paragraph at lines 309--311

 []


Underfull \hbox (badness 10000) in paragraph at lines 319--320

 []

File: Images/placeholder.jpg Graphic file (type jpg)
<use Images/placeholder.jpg>
Package pdftex.def Info: Images/placeholder.jpg used on input line 323.
(pdftex.def)             Requested size: 252.94499pt x 139.4869pt.

Underfull \hbox (badness 10000) in paragraph at lines 329--330

 []

[10

]
Underfull \hbox (badness 10000) in paragraph at lines 338--339

 []


Underfull \hbox (badness 10000) in paragraph at lines 340--341

 []


Underfull \hbox (badness 10000) in paragraph at lines 349--350

 []

File: Images/placeholder.jpg Graphic file (type jpg)
<use Images/placeholder.jpg>
Package pdftex.def Info: Images/placeholder.jpg used on input line 369.
(pdftex.def)             Requested size: 28.45274pt x 15.6874pt.
File: Images/placeholder.jpg Graphic file (type jpg)
 <use Images/placeholder.jpg>
Package pdftex.def Info: Images/placeholder.jpg used on input line 369.
(pdftex.def)             Requested size: 42.67912pt x 23.53256pt.
 [11]
File: Images/placeholder.jpg Graphic file (type jpg)

<use Images/placeholder.jpg>
Package pdftex.def Info: Images/placeholder.jpg used on input line 438.
(pdftex.def)             Requested size: 28.45274pt x 15.6874pt.
File: Images/placeholder.jpg Graphic file (type jpg)
 <use Images/placeholder.jpg>
Package pdftex.def Info: Images/placeholder.jpg used on input line 438.
(pdftex.def)             Requested size: 42.67912pt x 23.53256pt.
 [12]
Underfull \hbox (badness 10000) in paragraph at lines 448--449

 []


Underfull \hbox (badness 10000) in paragraph at lines 468--469

 []


Underfull \hbox (badness 10000) in paragraph at lines 475--476

 []

File: Images/placeholder.jpg Graphic file (type jpg)
<use Images/placeholder.jpg>
Package pdftex.def Info: Images/placeholder.jpg used on input line 485.
(pdftex.def)             Requested size: 252.94499pt x 139.4869pt.
File: Images/placeholder.jpg Graphic file (type jpg)
 <use Images/placeholder.jpg>
Package pdftex.def Info: Images/placeholder.jpg used on input line 497.
(pdftex.def)             Requested size: 28.45274pt x 15.6874pt.
File: Images/placeholder.jpg Graphic file (type jpg)

<use Images/placeholder.jpg>
Package pdftex.def Info: Images/placeholder.jpg used on input line 497.
(pdftex.def)             Requested size: 42.67912pt x 23.53256pt.
 [13]
Underfull \hbox (badness 10000) in paragraph at lines 520--521

 []

File: Images/placeholder.jpg Graphic file (type jpg)
<use Images/placeholder.jpg>
Package pdftex.def Info: Images/placeholder.jpg used on input line 533.
(pdftex.def)             Requested size: 28.45274pt x 15.6874pt.
File: Images/placeholder.jpg Graphic file (type jpg)
 <use Images/placeholder.jpg>
Package pdftex.def Info: Images/placeholder.jpg used on input line 533.
(pdftex.def)             Requested size: 42.67912pt x 23.53256pt.
 [14]
Underfull \hbox (badness 10000) in paragraph at lines 563--564

 []


Underfull \hbox (badness 10000) in paragraph at lines 565--566

 []

File: Images/placeholder.jpg Graphic file (type jpg)
<use Images/placeholder.jpg>
Package pdftex.def Info: Images/placeholder.jpg used on input line 586.
(pdftex.def)             Requested size: 252.94499pt x 139.4869pt.
File: Images/placeholder.jpg Graphic file (type jpg)
 <use Images/placeholder.jpg>
Package pdftex.def Info: Images/placeholder.jpg used on input line 598.
(pdftex.def)             Requested size: 28.45274pt x 15.6874pt.
File: Images/placeholder.jpg Graphic file (type jpg)

<use Images/placeholder.jpg>
Package pdftex.def Info: Images/placeholder.jpg used on input line 598.
(pdftex.def)             Requested size: 42.67912pt x 23.53256pt.
 [15]
File: Images/placeholder.jpg Graphic file (type jpg)
 <use Images/placeholder.jpg>
Package pdftex.def Info: Images/placeholder.jpg used on input line 639.
(pdftex.def)             Requested size: 28.45274pt x 15.6874pt.
File: Images/placeholder.jpg Graphic file (type jpg)

<use Images/placeholder.jpg>
Package pdftex.def Info: Images/placeholder.jpg used on input line 639.
(pdftex.def)             Requested size: 42.67912pt x 23.53256pt.
 [16]
Underfull \hbox (badness 10000) in paragraph at lines 652--653

 []

File: Images/placeholder.jpg Graphic file (type jpg)
<use Images/placeholder.jpg>
Package pdftex.def Info: Images/placeholder.jpg used on input line 657.
(pdftex.def)             Requested size: 28.45274pt x 15.6874pt.
File: Images/placeholder.jpg Graphic file (type jpg)
 <use Images/placeholder.jpg>
Package pdftex.def Info: Images/placeholder.jpg used on input line 657.
(pdftex.def)             Requested size: 42.67912pt x 23.53256pt.
 [17]
Chapitre 3.

Underfull \hbox (badness 10000) in paragraph at lines 660--661

 []


Underfull \hbox (badness 10000) in paragraph at lines 662--663

 []

File: Images/placeholder.jpg Graphic file (type jpg)
<use Images/placeholder.jpg>
Package pdftex.def Info: Images/placeholder.jpg used on input line 683.
(pdftex.def)             Requested size: 252.94499pt x 139.4869pt.
 [18

]
Underfull \hbox (badness 10000) in paragraph at lines 703--704

 []


Overfull \hbox (23.8297pt too wide) in paragraph at lines 715--715
[] 
 []


Underfull \hbox (badness 10000) in paragraph at lines 722--723

 []

LaTeX Font Info:    Try loading font information for T1+aett on input line 736.

(/usr/share/texlive/texmf-dist/tex/latex/ae/t1aett.fd
File: t1aett.fd 1997/11/16 Font definitions for T1/aett.
)
Package microtype Info: Loading generic settings for font family
(microtype)             `aett' (encoding: T1).
(microtype)             For optimal results, create family-specific settings.
(microtype)             See the microtype manual for details.

Overfull \hbox (10.92542pt too wide) in paragraph at lines 736--737
[][]$\T1/aett/m/n/10.95 http : / / www . cse . unsw . edu . au / ~cs9417ml / Ba
yes / Pages / Bayesian _ Networks _ Inference .
 []

File: Images/placeholder.jpg Graphic file (type jpg)
<use Images/placeholder.jpg>
Package pdftex.def Info: Images/placeholder.jpg used on input line 737.
(pdftex.def)             Requested size: 28.45274pt x 15.6874pt.
File: Images/placeholder.jpg Graphic file (type jpg)
 <use Images/placeholder.jpg>
Package pdftex.def Info: Images/placeholder.jpg used on input line 737.
(pdftex.def)             Requested size: 42.67912pt x 23.53256pt.
 [19]
File: Images/placeholder.jpg Graphic file (type jpg)

<use Images/placeholder.jpg>
Package pdftex.def Info: Images/placeholder.jpg used on input line 780.
(pdftex.def)             Requested size: 28.45274pt x 15.6874pt.
File: Images/placeholder.jpg Graphic file (type jpg)
 <use Images/placeholder.jpg>
Package pdftex.def Info: Images/placeholder.jpg used on input line 780.
(pdftex.def)             Requested size: 42.67912pt x 23.53256pt.
 [20]
Chapitre 4.

Underfull \hbox (badness 10000) in paragraph at lines 782--783

 []

File: Images/placeholder.jpg Graphic file (type jpg)
<use Images/placeholder.jpg>
Package pdftex.def Info: Images/placeholder.jpg used on input line 786.
(pdftex.def)             Requested size: 252.94499pt x 139.4869pt.

Underfull \hbox (badness 10000) in paragraph at lines 792--793

 []

[21

]
Underfull \hbox (badness 10000) in paragraph at lines 807--808

 []


Underfull \hbox (badness 10000) in paragraph at lines 809--810

 []


Underfull \hbox (badness 10000) in paragraph at lines 820--821

 []

File: Images/placeholder.jpg Graphic file (type jpg)
<use Images/placeholder.jpg>
Package pdftex.def Info: Images/placeholder.jpg used on input line 824.
(pdftex.def)             Requested size: 252.94499pt x 139.4869pt.

Underfull \hbox (badness 10000) in paragraph at lines 830--831

 []

File: Images/placeholder.jpg Graphic file (type jpg)
<use Images/placeholder.jpg>
Package pdftex.def Info: Images/placeholder.jpg used on input line 831.
(pdftex.def)             Requested size: 28.45274pt x 15.6874pt.
File: Images/placeholder.jpg Graphic file (type jpg)
 <use Images/placeholder.jpg>
Package pdftex.def Info: Images/placeholder.jpg used on input line 831.
(pdftex.def)             Requested size: 42.67912pt x 23.53256pt.
 [22]
File: Images/placeholder.jpg Graphic file (type jpg)

<use Images/placeholder.jpg>
Package pdftex.def Info: Images/placeholder.jpg used on input line 834.
(pdftex.def)             Requested size: 252.94499pt x 139.4869pt.

Underfull \hbox (badness 10000) in paragraph at lines 876--878

 []


Underfull \hbox (badness 10000) in paragraph at lines 887--888

 []

File: Images/placeholder.jpg Graphic file (type jpg)
<use Images/placeholder.jpg>
Package pdftex.def Info: Images/placeholder.jpg used on input line 888.
(pdftex.def)             Requested size: 28.45274pt x 15.6874pt.
File: Images/placeholder.jpg Graphic file (type jpg)
 <use Images/placeholder.jpg>
Package pdftex.def Info: Images/placeholder.jpg used on input line 888.
(pdftex.def)             Requested size: 42.67912pt x 23.53256pt.
 [23]
Underfull \hbox (badness 10000) in paragraph at lines 895--896

 []


Underfull \hbox (badness 10000) in paragraph at lines 902--903

 []

File: Images/placeholder.jpg Graphic file (type jpg)
<use Images/placeholder.jpg>
Package pdftex.def Info: Images/placeholder.jpg used on input line 906.
(pdftex.def)             Requested size: 252.94499pt x 139.4869pt.
File: Images/placeholder.jpg Graphic file (type jpg)
 <use Images/placeholder.jpg>
Package pdftex.def Info: Images/placeholder.jpg used on input line 914.
(pdftex.def)             Requested size: 252.94499pt x 139.4869pt.

Underfull \hbox (badness 10000) in paragraph at lines 920--921

 []


Underfull \hbox (badness 10000) in paragraph at lines 922--923

 []

File: Images/placeholder.jpg Graphic file (type jpg)
<use Images/placeholder.jpg>
Package pdftex.def Info: Images/placeholder.jpg used on input line 923.
(pdftex.def)             Requested size: 28.45274pt x 15.6874pt.
File: Images/placeholder.jpg Graphic file (type jpg)
 <use Images/placeholder.jpg>
Package pdftex.def Info: Images/placeholder.jpg used on input line 923.
(pdftex.def)             Requested size: 42.67912pt x 23.53256pt.
 [24]
File: Images/placeholder.jpg Graphic file (type jpg)

<use Images/placeholder.jpg>
Package pdftex.def Info: Images/placeholder.jpg used on input line 923.
(pdftex.def)             Requested size: 28.45274pt x 15.6874pt.
File: Images/placeholder.jpg Graphic file (type jpg)
 <use Images/placeholder.jpg>
Package pdftex.def Info: Images/placeholder.jpg used on input line 923.
(pdftex.def)             Requested size: 42.67912pt x 23.53256pt.
 [25]
File: Images/placeholder.jpg Graphic file (type jpg)

<use Images/placeholder.jpg>
Package pdftex.def Info: Images/placeholder.jpg used on input line 933.
(pdftex.def)             Requested size: 252.94499pt x 139.4869pt.
File: Images/placeholder.jpg Graphic file (type jpg)
 <use Images/placeholder.jpg>
Package pdftex.def Info: Images/placeholder.jpg used on input line 941.
(pdftex.def)             Requested size: 252.94499pt x 139.4869pt.

Underfull \hbox (badness 10000) in paragraph at lines 951--952

 []

File: Images/placeholder.jpg Graphic file (type jpg)
<use Images/placeholder.jpg>
Package pdftex.def Info: Images/placeholder.jpg used on input line 952.
(pdftex.def)             Requested size: 28.45274pt x 15.6874pt.
File: Images/placeholder.jpg Graphic file (type jpg)
 <use Images/placeholder.jpg>
Package pdftex.def Info: Images/placeholder.jpg used on input line 952.
(pdftex.def)             Requested size: 42.67912pt x 23.53256pt.
 [26]
Underfull \hbox (badness 10000) in paragraph at lines 961--963

 []


Underfull \hbox (badness 10000) in paragraph at lines 989--990

 []

File: Images/placeholder.jpg Graphic file (type jpg)
<use Images/placeholder.jpg>
Package pdftex.def Info: Images/placeholder.jpg used on input line 1004.
(pdftex.def)             Requested size: 28.45274pt x 15.6874pt.
File: Images/placeholder.jpg Graphic file (type jpg)
 <use Images/placeholder.jpg>
Package pdftex.def Info: Images/placeholder.jpg used on input line 1004.
(pdftex.def)             Requested size: 42.67912pt x 23.53256pt.
 [27]
File: Images/placeholder.jpg Graphic file (type jpg)

<use Images/placeholder.jpg>
Package pdftex.def Info: Images/placeholder.jpg used on input line 1087.
(pdftex.def)             Requested size: 28.45274pt x 15.6874pt.
File: Images/placeholder.jpg Graphic file (type jpg)
 <use Images/placeholder.jpg>
Package pdftex.def Info: Images/placeholder.jpg used on input line 1087.
(pdftex.def)             Requested size: 42.67912pt x 23.53256pt.
 [28]
File: Images/placeholder.jpg Graphic file (type jpg)

<use Images/placeholder.jpg>
Package pdftex.def Info: Images/placeholder.jpg used on input line 1087.
(pdftex.def)             Requested size: 28.45274pt x 15.6874pt.
File: Images/placeholder.jpg Graphic file (type jpg)
 <use Images/placeholder.jpg>
Package pdftex.def Info: Images/placeholder.jpg used on input line 1087.
(pdftex.def)             Requested size: 42.67912pt x 23.53256pt.
 [29]
File: Images/placeholder.jpg Graphic file (type jpg)

<use Images/placeholder.jpg>
Package pdftex.def Info: Images/placeholder.jpg used on input line 1152.
(pdftex.def)             Requested size: 28.45274pt x 15.6874pt.
File: Images/placeholder.jpg Graphic file (type jpg)
 <use Images/placeholder.jpg>
Package pdftex.def Info: Images/placeholder.jpg used on input line 1152.
(pdftex.def)             Requested size: 42.67912pt x 23.53256pt.
 [30]
Underfull \hbox (badness 10000) in paragraph at lines 1210--1211

 []


Underfull \hbox (badness 10000) in paragraph at lines 1212--1213

 []

File: Images/placeholder.jpg Graphic file (type jpg)
<use Images/placeholder.jpg>
Package pdftex.def Info: Images/placeholder.jpg used on input line 1252.
(pdftex.def)             Requested size: 28.45274pt x 15.6874pt.
File: Images/placeholder.jpg Graphic file (type jpg)
 <use Images/placeholder.jpg>
Package pdftex.def Info: Images/placeholder.jpg used on input line 1252.
(pdftex.def)             Requested size: 42.67912pt x 23.53256pt.
 [31]
File: Images/placeholder.jpg Graphic file (type jpg)

<use Images/placeholder.jpg>
Package pdftex.def Info: Images/placeholder.jpg used on input line 1252.
(pdftex.def)             Requested size: 28.45274pt x 15.6874pt.
File: Images/placeholder.jpg Graphic file (type jpg)
 <use Images/placeholder.jpg>
Package pdftex.def Info: Images/placeholder.jpg used on input line 1252.
(pdftex.def)             Requested size: 42.67912pt x 23.53256pt.
 [32]
File: Images/placeholder.jpg Graphic file (type jpg)

<use Images/placeholder.jpg>
Package pdftex.def Info: Images/placeholder.jpg used on input line 1271.
(pdftex.def)             Requested size: 28.45274pt x 15.6874pt.
File: Images/placeholder.jpg Graphic file (type jpg)
 <use Images/placeholder.jpg>
Package pdftex.def Info: Images/placeholder.jpg used on input line 1271.
(pdftex.def)             Requested size: 42.67912pt x 23.53256pt.
 [33]
Chapitre 5.
File: Images/placeholder.jpg Graphic file (type jpg)
<use Images/placeholder.jpg>
Package pdftex.def Info: Images/placeholder.jpg used on input line 1282.
(pdftex.def)             Requested size: 252.94499pt x 139.4869pt.
File: Images/placeholder.jpg Graphic file (type jpg)
 <use Images/placeholder.jpg>
Package pdftex.def Info: Images/placeholder.jpg used on input line 1291.
(pdftex.def)             Requested size: 252.94499pt x 139.4869pt.


LaTeX Font Warning: Font shape `T1/aett/bx/it' undefined
(Font)              using `T1/aett/m/n' instead on input line 1302.


Overfull \hbox (1.30878pt too wide) in paragraph at lines 1302--1303
\T1/aett/m/n/10.95 system / uploads / attachment _ data / file / 326061 / Defen
ceReporter _ Winter2009 . pdf$[]\T1/aer/m/n/10.95 (-20) . This
 []


Underfull \hbox (badness 10000) in paragraph at lines 1302--1303

 []

File: Images/placeholder.jpg Graphic file (type jpg)
<use Images/placeholder.jpg>
Package pdftex.def Info: Images/placeholder.jpg used on input line 1306.
(pdftex.def)             Requested size: 252.94499pt x 139.4869pt.
File: Images/placeholder.jpg Graphic file (type jpg)
 <use Images/placeholder.jpg>
Package pdftex.def Info: Images/placeholder.jpg used on input line 1315.
(pdftex.def)             Requested size: 252.94499pt x 139.4869pt.


Package caption Warning: \label without proper \caption on input line 1338.
See the caption package documentation for explanation.


LaTeX Warning: Reference `tab:Clf_ripple' on page 34 undefined on input line 13
22.


Underfull \hbox (badness 10000) in paragraph at lines 1322--1323

 []

[34

]
File: Images/placeholder.jpg Graphic file (type jpg)
 <use Images/placeholder.jpg>
Package pdftex.def Info: Images/placeholder.jpg used on input line 1323.
(pdftex.def)             Requested size: 28.45274pt x 15.6874pt.
File: Images/placeholder.jpg Graphic file (type jpg)
 <use Images/placeholder.jpg>
Package pdftex.def Info: Images/placeholder.jpg used on input line 1323.
(pdftex.def)             Requested size: 42.67912pt x 23.53256pt.
 [35]
Underfull \hbox (badness 10000) in paragraph at lines 1331--1331
[]|\T1/aer/m/n/10.95 (+20) Classification
 []

File: Images/placeholder.jpg Graphic file (type jpg)
<use Images/placeholder.jpg>
Package pdftex.def Info: Images/placeholder.jpg used on input line 1347.
(pdftex.def)             Requested size: 28.45274pt x 15.6874pt.
File: Images/placeholder.jpg Graphic file (type jpg)
 <use Images/placeholder.jpg>
Package pdftex.def Info: Images/placeholder.jpg used on input line 1347.
(pdftex.def)             Requested size: 42.67912pt x 23.53256pt.
 [36]
Chapitre 6.

Underfull \hbox (badness 10000) in paragraph at lines 1350--1351

 []


Underfull \hbox (badness 10000) in paragraph at lines 1356--1357

 []


Underfull \hbox (badness 10000) in paragraph at lines 1358--1359

 []


Underfull \hbox (badness 10000) in paragraph at lines 1360--1361

 []

[37

]
Chapitre 7.
(./SCHMT.bbl [38

] [39

])
Package atveryend Info: Empty hook `BeforeClearDocument' on input line 1382.
File: Images/placeholder.jpg Graphic file (type jpg)
 <use Images/placeholder.jpg>
Package pdftex.def Info: Images/placeholder.jpg used on input line 1382.
(pdftex.def)             Requested size: 28.45274pt x 15.6874pt.
File: Images/placeholder.jpg Graphic file (type jpg)

<use Images/placeholder.jpg>
Package pdftex.def Info: Images/placeholder.jpg used on input line 1382.
(pdftex.def)             Requested size: 42.67912pt x 23.53256pt.
 [40]
Package atveryend Info: Empty hook `AfterLastShipout' on input line 1382.
 (./SCHMT.aux)
Package atveryend Info: Executing hook `AtVeryEndDocument' on input line 1382.
Package atveryend Info: Executing hook `AtEndAfterFileList' on input line 1382.

Package rerunfilecheck Info: File `SCHMT.out' has not changed.
(rerunfilecheck)             Checksum: F7D20D27F5714204FEFFAC063BC3FACF;3177.


LaTeX Font Warning: Some font shapes were not available, defaults substituted.


LaTeX Warning: There were undefined references.

Package atveryend Info: Empty hook `AtVeryVeryEnd' on input line 1382.
 ) 
Here is how much of TeX's memory you used:
 23187 strings out of 493304
 386536 string characters out of 6139871
 537018 words of memory out of 5000000
 25336 multiletter control sequences out of 15000+600000
 99078 words of font info for 534 fonts, out of 8000000 for 9000
 957 hyphenation exceptions out of 8191
 63i,21n,57p,1441b,571s stack positions out of 5000i,500n,10000p,200000b,80000s
</usr/share/texlive/texmf-dist/fonts/type1/public/amsfonts/cm/cmbx10.pfb></us
r/share/texlive/texmf-dist/fonts/type1/public/amsfonts/cm/cmbx12.pfb></usr/shar
e/texlive/texmf-dist/fonts/type1/public/amsfonts/cm/cmbx8.pfb></usr/share/texli
ve/texmf-dist/fonts/type1/public/amsfonts/cm/cmbxti10.pfb></usr/share/texlive/t
exmf-dist/fonts/type1/public/amsfonts/cm/cmcsc10.pfb></usr/share/texlive/texmf-
dist/fonts/type1/public/amsfonts/cm/cmex10.pfb></usr/share/texlive/texmf-dist/f
onts/type1/public/amsfonts/cmextra/cmex8.pfb></usr/share/texlive/texmf-dist/fon
ts/type1/public/amsfonts/cm/cmmi10.pfb></usr/share/texlive/texmf-dist/fonts/typ
e1/public/amsfonts/cm/cmmi6.pfb></usr/share/texlive/texmf-dist/fonts/type1/publ
ic/amsfonts/cm/cmmi8.pfb></usr/share/texlive/texmf-dist/fonts/type1/public/amsf
onts/cm/cmr10.pfb></usr/share/texlive/texmf-dist/fonts/type1/public/amsfonts/cm
/cmr12.pfb></usr/share/texlive/texmf-dist/fonts/type1/public/amsfonts/cm/cmr17.
pfb></usr/share/texlive/texmf-dist/fonts/type1/public/amsfonts/cm/cmr6.pfb></us
r/share/texlive/texmf-dist/fonts/type1/public/amsfonts/cm/cmr8.pfb></usr/share/
texlive/texmf-dist/fonts/type1/public/amsfonts/cm/cmsy10.pfb></usr/share/texliv
e/texmf-dist/fonts/type1/public/amsfonts/cm/cmsy6.pfb></usr/share/texlive/texmf
-dist/fonts/type1/public/amsfonts/cm/cmsy8.pfb></usr/share/texlive/texmf-dist/f
onts/type1/public/amsfonts/cm/cmti10.pfb></usr/share/texlive/texmf-dist/fonts/t
ype1/public/amsfonts/cm/cmti8.pfb></usr/share/texlive/texmf-dist/fonts/type1/pu
blic/amsfonts/cm/cmtt10.pfb></usr/share/texlive/texmf-dist/fonts/type1/public/d
oublestroke/dsrom10.pfb></usr/share/texlive/texmf-dist/fonts/type1/public/doubl
estroke/dsrom8.pfb></usr/share/texlive/texmf-dist/fonts/type1/public/stmaryrd/s
tmary10.pfb></usr/share/texlive/texmf-dist/fonts/type1/public/stmaryrd/stmary8.
pfb>
Output written on SCHMT.pdf (41 pages, 447478 bytes).
PDF statistics:
 827 PDF objects out of 1000 (max. 8388607)
 750 compressed objects within 8 object streams
 223 named destinations out of 1000 (max. 500000)
 66938 words of extra memory for PDF output out of 74296 (max. 10000000)

