\BOOKMARK [0][-]{chapter.1}{Introduction:}{}% 1
\BOOKMARK [1][-]{section.1.1}{Need for a better signal representation:}{chapter.1}% 2
\BOOKMARK [1][-]{section.1.2}{Need for a signal representation:}{chapter.1}% 3
\BOOKMARK [2][-]{subsection.1.2.1}{Intuition of a ``good'' signal representation:}{section.1.2}% 4
\BOOKMARK [2][-]{subsection.1.2.2}{Formalization of a ``good'' signal representation:}{section.1.2}% 5
\BOOKMARK [2][-]{subsection.1.2.3}{State of the art in signal representation:}{section.1.2}% 6
\BOOKMARK [1][-]{section.1.3}{Discriminative versus generative models:}{chapter.1}% 7
\BOOKMARK [1][-]{section.1.4}{Outline of the report:}{chapter.1}% 8
\BOOKMARK [1][-]{section.1.5}{Contribution:}{chapter.1}% 9
\BOOKMARK [0][-]{chapter.2}{The Scattering transform:}{}% 10
\BOOKMARK [1][-]{section.2.1}{Scattering wavelets:}{chapter.2}% 11
\BOOKMARK [1][-]{section.2.2}{Scattering Convolution Network:}{chapter.2}% 12
\BOOKMARK [1][-]{section.2.3}{Properties of the scattering transform:}{chapter.2}% 13
\BOOKMARK [2][-]{subsection.2.3.1}{Non-expansivity:}{section.2.3}% 14
\BOOKMARK [2][-]{subsection.2.3.2}{Energy preservation:}{section.2.3}% 15
\BOOKMARK [2][-]{subsection.2.3.3}{Translation invariance:}{section.2.3}% 16
\BOOKMARK [2][-]{subsection.2.3.4}{Lipschitz continuity to the action of diffeomorphisms:}{section.2.3}% 17
\BOOKMARK [1][-]{section.2.4}{Application to classification:}{chapter.2}% 18
\BOOKMARK [0][-]{chapter.3}{Probabilistic graphical models:}{}% 19
\BOOKMARK [1][-]{section.3.1}{Bayesian Network:}{chapter.3}% 20
\BOOKMARK [2][-]{subsection.3.1.1}{Architecture:}{section.3.1}% 21
\BOOKMARK [2][-]{subsection.3.1.2}{Inference:}{section.3.1}% 22
\BOOKMARK [2][-]{subsection.3.1.3}{Learning:}{section.3.1}% 23
\BOOKMARK [1][-]{section.3.2}{Markov Models:}{chapter.3}% 24
\BOOKMARK [2][-]{subsection.3.2.1}{Architecture:}{section.3.2}% 25
\BOOKMARK [2][-]{subsection.3.2.2}{Inference:}{section.3.2}% 26
\BOOKMARK [2][-]{subsection.3.2.3}{Learning:}{section.3.2}% 27
\BOOKMARK [0][-]{chapter.4}{Scattering convolutional hidden Markov tree:}{}% 28
\BOOKMARK [1][-]{section.4.1}{SCHMT model and related works:}{chapter.4}% 29
\BOOKMARK [1][-]{section.4.2}{Hypothesis:}{chapter.4}% 30
\BOOKMARK [1][-]{section.4.3}{Learning the tree structure:}{chapter.4}% 31
\BOOKMARK [2][-]{subsection.4.3.1}{E-Step:}{section.4.3}% 32
\BOOKMARK [2][-]{subsection.4.3.2}{M-Step:}{section.4.3}% 33
\BOOKMARK [2][-]{subsection.4.3.3}{EM algorithm:}{section.4.3}% 34
\BOOKMARK [1][-]{section.4.4}{Classification:}{chapter.4}% 35
\BOOKMARK [0][-]{chapter.5}{Experimental results:}{}% 36
\BOOKMARK [1][-]{section.5.1}{Sonar Imagery:}{chapter.5}% 37
\BOOKMARK [1][-]{section.5.2}{Segmentation:}{chapter.5}% 38
\BOOKMARK [0][-]{chapter.6}{Conclusion:}{}% 39
\BOOKMARK [1][-]{section.6.1}{Scattering convolutional hidden Markov tree:}{chapter.6}% 40
\BOOKMARK [1][-]{section.6.2}{Future work:}{chapter.6}% 41
\BOOKMARK [0][-]{chapter.7}{Acknowledgements:}{}% 42
